<?xml version="1.0" encoding="UTF-8"?>
<!-- Generated by org.testng.reporters.JUnitReportReporter -->
<testsuite hostname="puja" failures="0" tests="4" name="Selenium_TestNG.GoogleTest" time="18.492" errors="0" timestamp="2022-01-02T22:27:16 IST" skipped="0">
  <testcase classname="Selenium_TestNG.GoogleTest" name="Test_0_3_2" time="5.543"/>
  <system-out/>
  <testcase classname="Selenium_TestNG.GoogleTest" name="Test_0_3_1" time="6.245"/>
  <system-out/>
  <testcase classname="Selenium_TestNG.GoogleTest" name="Test_0_1" time="3.602"/>
  <system-out/>
  <testcase classname="Selenium_TestNG.GoogleTest" name="Test_0_2" time="3.102"/>
  <system-out/>
</testsuite> <!-- Selenium_TestNG.GoogleTest -->
