<?xml version="1.0" encoding="UTF-8"?>
<!-- Generated by org.testng.reporters.JUnitReportReporter -->
<testsuite hostname="puja" failures="0" tests="3" name="com.testngframework.TestReportsIntestNg" time="0.009" errors="0" timestamp="2022-01-02T16:44:36 IST" skipped="0">
  <testcase classname="com.testngframework.TestReportsIntestNg" name="test2" time="0.001"/>
  <system-out/>
  <testcase classname="com.testngframework.TestReportsIntestNg" name="test1" time="0.007"/>
  <system-out/>
  <testcase classname="com.testngframework.TestReportsIntestNg" name="test3" time="0.001"/>
  <system-out/>
</testsuite> <!-- com.testngframework.TestReportsIntestNg -->
