<?xml version="1.0" encoding="UTF-8"?>
<!-- Generated by org.testng.reporters.JUnitReportReporter -->
<testsuite hostname="puja" failures="0" tests="4" name="com.testngframework.TestNgFeatures" time="0.016" errors="0" timestamp="2022-01-03T07:51:25 IST" skipped="0">
  <testcase classname="com.testngframework.TestNgFeatures" name="test3" time="0.002"/>
  <system-out/>
  <testcase classname="com.testngframework.TestNgFeatures" name="test4" time="0.002"/>
  <system-out/>
  <testcase classname="com.testngframework.TestNgFeatures" name="test2" time="0.002"/>
  <system-out/>
  <testcase classname="com.testngframework.TestNgFeatures" name="test1" time="0.010"/>
  <system-out/>
</testsuite> <!-- com.testngframework.TestNgFeatures -->
