<?xml version="1.0" encoding="UTF-8"?>
<!-- Generated by org.testng.reporters.JUnitReportReporter -->
<testsuite hostname="puja" failures="0" tests="1" name="InterviewQuestions.test_0_1" time="39.208" errors="0" timestamp="2022-01-03T15:06:45 IST" skipped="0">
  <testcase classname="InterviewQuestions.test_0_1" name="test" time="39.208"/>
  <system-out/>
</testsuite> <!-- InterviewQuestions.test_0_1 -->
