<?xml version="1.0" encoding="UTF-8"?>
<!-- Generated by org.testng.reporters.JUnitReportReporter -->
<testsuite hostname="puja" failures="0" tests="1" name="com.Parameter.Parameter_0_1" time="15.819" errors="0" timestamp="2022-01-03T14:01:01 IST" skipped="0">
  <testcase classname="com.Parameter.Parameter_0_1" name="loginYahoo" time="15.819"/>
  <system-out/>
</testsuite> <!-- com.Parameter.Parameter_0_1 -->
