<?xml version="1.0" encoding="UTF-8"?>
<!-- Generated by org.testng.reporters.JUnitReportReporter -->
<testsuite hostname="puja" failures="0" tests="3" name="com.testngframework.DemoTest" time="0.017" errors="0" timestamp="2022-01-02T21:42:44 IST" skipped="0">
  <testcase classname="com.testngframework.DemoTest" name="t5" time="0.009"/>
  <system-out/>
  <testcase classname="com.testngframework.DemoTest" name="t5_0_2" time="0.003"/>
  <system-out/>
  <testcase classname="com.testngframework.DemoTest" name="t5_0_3" time="0.005"/>
  <system-out/>
</testsuite> <!-- com.testngframework.DemoTest -->
