<?xml version="1.0" encoding="UTF-8"?>
<!-- Generated by org.testng.reporters.JUnitReportReporter -->
<testsuite hostname="puja" failures="0" tests="1" name="TestNGFeatures.ExpectedException" time="0.008" errors="0" timestamp="2022-01-03T08:10:39 IST" skipped="0">
  <testcase classname="TestNGFeatures.ExpectedException" name="test1" time="0.008"/>
  <system-out/>
</testsuite> <!-- TestNGFeatures.ExpectedException -->
