<?xml version="1.0" encoding="UTF-8"?>
<!-- Generated by org.testng.reporters.JUnitReportReporter -->
<testsuite hostname="puja" failures="0" tests="10" name="TestNGFeatures.InvocationsCount" time="0.031" errors="0" timestamp="2022-01-03T07:55:26 IST" skipped="0">
  <testcase classname="TestNGFeatures.InvocationsCount" name="test1" time="0.002"/>
  <system-out/>
  <testcase classname="TestNGFeatures.InvocationsCount" name="test1" time="0.001"/>
  <system-out/>
  <testcase classname="TestNGFeatures.InvocationsCount" name="test1" time="0.016"/>
  <system-out/>
  <testcase classname="TestNGFeatures.InvocationsCount" name="test1" time="0.002"/>
  <system-out/>
  <testcase classname="TestNGFeatures.InvocationsCount" name="test1" time="0.002"/>
  <system-out/>
  <testcase classname="TestNGFeatures.InvocationsCount" name="test1" time="0.002"/>
  <system-out/>
  <testcase classname="TestNGFeatures.InvocationsCount" name="test1" time="0.001"/>
  <system-out/>
  <testcase classname="TestNGFeatures.InvocationsCount" name="test1" time="0.002"/>
  <system-out/>
  <testcase classname="TestNGFeatures.InvocationsCount" name="test1" time="0.001"/>
  <system-out/>
  <testcase classname="TestNGFeatures.InvocationsCount" name="test1" time="0.002"/>
  <system-out/>
</testsuite> <!-- TestNGFeatures.InvocationsCount -->
